Using pre-set license
Built from '2021.1/staging' branch; Version is '2021.1.14f1 (51d2f824827f) revision 5362424'; Using compiler version '192528614'; Build Type 'Release'
OS: 'Windows 10 Home; OS build 19043.1083; Version 2009; 64bit' Language: 'en' Physical Memory: 32589 MB
BatchMode: 1, IsHumanControllingUs: 0, StartBugReporterOnCrash: 0, Is64bit: 1, IsPro: 0

 COMMAND LINE ARGUMENTS:
C:\Program Files\Unity\Hub\Editor\2021.1.14f1\Editor\Unity.exe
-adb2
-batchMode
-noUpm
-name
AssetImportWorker0
-projectPath
D:/Unity_Projects/XSpace/Project_XSpace_Practice
-logFile
Logs/AssetImportWorker0.log
-srvPort
56037
Successfully changed project path to: D:/Unity_Projects/XSpace/Project_XSpace_Practice
D:/Unity_Projects/XSpace/Project_XSpace_Practice
Using Asset Import Pipeline V2.
Refreshing native plugins compatible for Editor in 21.16 ms, found 2 plugins.
Preloading 0 native plugins for Editor in 0.00 ms.
Initialize engine version: 2021.1.14f1 (51d2f824827f)
[Subsystems] Discovering subsystems at path C:/Program Files/Unity/Hub/Editor/2021.1.14f1/Editor/Data/Resources/UnitySubsystems
[Subsystems] Discovering subsystems at path D:/Unity_Projects/XSpace/Project_XSpace_Practice/Assets
GfxDevice: creating device client; threaded=0; jobified=0
Direct3D:
    Version:  Direct3D 11.0 [level 11.1]
    Renderer: NVIDIA GeForce RTX 2070 (ID=0x1f14)
    Vendor:   NVIDIA
    VRAM:     8031 MB
    Driver:   30.0.14.7111
Initialize mono
Mono path[0] = 'C:/Program Files/Unity/Hub/Editor/2021.1.14f1/Editor/Data/Managed'
Mono path[1] = 'C:/Program Files/Unity/Hub/Editor/2021.1.14f1/Editor/Data/MonoBleedingEdge/lib/mono/unityjit'
Mono config path = 'C:/Program Files/Unity/Hub/Editor/2021.1.14f1/Editor/Data/MonoBleedingEdge/etc'
Using monoOptions --debugger-agent=transport=dt_socket,embedding=1,server=y,suspend=n,address=127.0.0.1:56308
Begin MonoManager ReloadAssembly
Registering precompiled unity dll's ...
Register platform support module: C:/Program Files/Unity/Hub/Editor/2021.1.14f1/Editor/Data/PlaybackEngines/WindowsStandaloneSupport/UnityEditor.WindowsStandalone.Extensions.dll
Registered in 0.001393 seconds.
Native extension for WindowsStandalone target not found
Refreshing native plugins compatible for Editor in 22.54 ms, found 2 plugins.
Preloading 0 native plugins for Editor in 0.00 ms.
Mono: successfully reloaded assembly
- Completed reload, in  1.295 seconds
Domain Reload Profiling:
	ReloadAssembly (1295ms)
		BeginReloadAssembly (42ms)
			ExecutionOrderSort (0ms)
			DisableScriptedObjects (0ms)
			BackupInstance (0ms)
			ReleaseScriptingObjects (0ms)
			CreateAndSetChildDomain (1ms)
		EndReloadAssembly (353ms)
			LoadAssemblies (40ms)
			RebuildTransferFunctionScriptingTraits (0ms)
			SetupTypeCache (147ms)
			ReleaseScriptCaches (0ms)
			RebuildScriptCaches (26ms)
			SetupLoadedEditorAssemblies (141ms)
				LogAssemblyErrors (0ms)
				InitializePlatformSupportModulesInManaged (5ms)
				SetLoadedEditorAssemblies (0ms)
				RefreshPlugins (23ms)
				BeforeProcessingInitializeOnLoad (1ms)
				ProcessInitializeOnLoadAttributes (87ms)
				ProcessInitializeOnLoadMethodAttributes (25ms)
				AfterProcessingInitializeOnLoad (0ms)
				EditorAssembliesLoaded (0ms)
			ExecutionOrderSort2 (0ms)
			AwakeInstancesAfterBackupRestoration (0ms)
Platform modules already initialized, skipping
Registering precompiled user dll's ...
Registered in 0.001810 seconds.
Begin MonoManager ReloadAssembly
Native extension for WindowsStandalone target not found
Refreshing native plugins compatible for Editor in 0.25 ms, found 2 plugins.
Preloading 0 native plugins for Editor in 0.00 ms.
Mono: successfully reloaded assembly
- Completed reload, in  0.851 seconds
Domain Reload Profiling:
	ReloadAssembly (851ms)
		BeginReloadAssembly (125ms)
			ExecutionOrderSort (0ms)
			DisableScriptedObjects (4ms)
			BackupInstance (0ms)
			ReleaseScriptingObjects (0ms)
			CreateAndSetChildDomain (15ms)
		EndReloadAssembly (675ms)
			LoadAssemblies (65ms)
			RebuildTransferFunctionScriptingTraits (0ms)
			SetupTypeCache (241ms)
			ReleaseScriptCaches (0ms)
			RebuildScriptCaches (37ms)
			SetupLoadedEditorAssemblies (247ms)
				LogAssemblyErrors (0ms)
				InitializePlatformSupportModulesInManaged (4ms)
				SetLoadedEditorAssemblies (0ms)
				RefreshPlugins (0ms)
				BeforeProcessingInitializeOnLoad (37ms)
				ProcessInitializeOnLoadAttributes (196ms)
				ProcessInitializeOnLoadMethodAttributes (4ms)
				AfterProcessingInitializeOnLoad (5ms)
				EditorAssembliesLoaded (0ms)
			ExecutionOrderSort2 (0ms)
			AwakeInstancesAfterBackupRestoration (6ms)
Platform modules already initialized, skipping
========================================================================
Worker process is ready to serve import requests
Launched and connected shader compiler UnityShaderCompiler.exe after 0.03 seconds
Refreshing native plugins compatible for Editor in 0.25 ms, found 2 plugins.
Preloading 0 native plugins for Editor in 0.00 ms.
Unloading 1405 Unused Serialized files (Serialized files now loaded: 0)
System memory in use before: 65.9 MB.
System memory in use after: 66.0 MB.

Unloading 18 unused Assets to reduce memory usage. Loaded Objects now: 1854.
Total: 1.702400 ms (FindLiveObjects: 0.114100 ms CreateObjectMapping: 0.040100 ms MarkObjects: 1.506900 ms  DeleteObjects: 0.040500 ms)

AssetImportParameters requested are different than current active one (requested -> active):
  custom:framework-win-MediaFoundation: 216162199b28c13a410421893ffa2e32 -> 
  custom:video-decoder-ogg-theora: a1e56fd34408186e4bbccfd4996cb3dc -> 
  custom:container-muxer-webm: aa71ff27fc2769a1b78a27578f13a17b -> 
  custom:container-demuxer-webm: 4f35f7cbe854078d1ac9338744f61a02 -> 
  custom:container-demuxer-ogg: 62fdf1f143b41e24485cea50d1cbac27 -> 
  custom:video-encoder-webm-vp8: eb34c28f22e8b96e1ab97ce403110664 -> 
  custom:video-decoder-webm-vp8: 9c59270c3fd7afecdb556c50c9e8de78 -> 
  custom:audio-decoder-ogg-vorbis: bf7c407c2cedff20999df2af8eb42d56 -> 
  custom:audio-encoder-webm-vorbis: bf7c407c2cedff20999df2af8eb42d56 -> 
========================================================================
Received Import Request.
  path: Assets/Scenes
  artifactKey: Guid(af1f0146f5193514d9c98caaefdc8535) Importer(815301076,1909f56bfc062723c751e8b465ee728b)
Start importing Assets/Scenes using Guid(af1f0146f5193514d9c98caaefdc8535) Importer(815301076,1909f56bfc062723c751e8b465ee728b)  -> (artifact id: '21e2d46658fe52253dd421645563d5e1') in 0.007482 seconds 
========================================================================
Received Import Request.
  Time since last request: 0.120772 seconds.
  path: Assets/Scenes/Template.unity
  artifactKey: Guid(508dc2820c5d0b74ca4c1b0a7053cd55) Importer(815301076,1909f56bfc062723c751e8b465ee728b)
Start importing Assets/Scenes/Template.unity using Guid(508dc2820c5d0b74ca4c1b0a7053cd55) Importer(815301076,1909f56bfc062723c751e8b465ee728b)  -> (artifact id: 'fd64c535c250b59b6d273ca96802137c') in 0.014462 seconds 
========================================================================
Received Import Request.
  Time since last request: 57.604385 seconds.
  path: Assets/Prefabs
  artifactKey: Guid(90932a40fd2d17442a7c00a5b3f33aaa) Importer(815301076,1909f56bfc062723c751e8b465ee728b)
Start importing Assets/Prefabs using Guid(90932a40fd2d17442a7c00a5b3f33aaa) Importer(815301076,1909f56bfc062723c751e8b465ee728b)  -> (artifact id: '9ec690c5c2a44c7b5ccdb697d9653221') in 0.007852 seconds 
========================================================================
Received Import Request.
  Time since last request: 0.063328 seconds.
  path: Assets/Prefabs/Directional Light.prefab
  artifactKey: Guid(e5c26eb5012e42a408eb00599460454f) Importer(815301076,1909f56bfc062723c751e8b465ee728b)
Start importing Assets/Prefabs/Directional Light.prefab using Guid(e5c26eb5012e42a408eb00599460454f) Importer(815301076,1909f56bfc062723c751e8b465ee728b)  -> (artifact id: '60bdbf6bd04de035c3bf041dd8c757e1') in 0.023595 seconds 
========================================================================
Received Import Request.
  Time since last request: 0.000261 seconds.
  path: Assets/Prefabs/Ground.prefab
  artifactKey: Guid(70b32f734ff648a4b8862f8220d9a32c) Importer(815301076,1909f56bfc062723c751e8b465ee728b)
Start importing Assets/Prefabs/Ground.prefab using Guid(70b32f734ff648a4b8862f8220d9a32c) Importer(815301076,1909f56bfc062723c751e8b465ee728b)  -> (artifact id: '72b18152f8083ab914323c12005de564') in 0.130501 seconds 
========================================================================
Received Import Request.
  Time since last request: 0.000113 seconds.
  path: Assets/Prefabs/Rocket.prefab
  artifactKey: Guid(320457ef144743f4e96546ed5430ee99) Importer(815301076,1909f56bfc062723c751e8b465ee728b)
Start importing Assets/Prefabs/Rocket.prefab using Guid(320457ef144743f4e96546ed5430ee99) Importer(815301076,1909f56bfc062723c751e8b465ee728b)  -> (artifact id: '9603c43f51cbdd33b3b48607b8346c66') in 1.029020 seconds 
========================================================================
Received Import Request.
  Time since last request: 0.000118 seconds.
  path: Assets/Prefabs/Launch Pad.prefab
  artifactKey: Guid(285d2840d3d936f4db13592b611c7f62) Importer(815301076,1909f56bfc062723c751e8b465ee728b)
Start importing Assets/Prefabs/Launch Pad.prefab using Guid(285d2840d3d936f4db13592b611c7f62) Importer(815301076,1909f56bfc062723c751e8b465ee728b)  -> (artifact id: '60ae23468532a81aba95b956c1c58f1d') in 0.013237 seconds 
========================================================================
Received Import Request.
  Time since last request: 0.000177 seconds.
  path: Assets/Prefabs/Landing Pad.prefab
  artifactKey: Guid(ea776c75162cadd479ced064d581df18) Importer(815301076,1909f56bfc062723c751e8b465ee728b)
Start importing Assets/Prefabs/Landing Pad.prefab using Guid(ea776c75162cadd479ced064d581df18) Importer(815301076,1909f56bfc062723c751e8b465ee728b)  -> (artifact id: '72d4da985f41af93c6722fc3791bbe6f') in 0.014589 seconds 
========================================================================
Received Import Request.
  Time since last request: 0.000196 seconds.
  path: Assets/Prefabs/Main Camera.prefab
  artifactKey: Guid(f26145359e2f5c14dbacf754d95bca7a) Importer(815301076,1909f56bfc062723c751e8b465ee728b)
Start importing Assets/Prefabs/Main Camera.prefab using Guid(f26145359e2f5c14dbacf754d95bca7a) Importer(815301076,1909f56bfc062723c751e8b465ee728b)  -> (artifact id: 'c0cd71eeab234ba93208f849a291a429') in 0.009322 seconds 
========================================================================
Received Import Request.
  Time since last request: 0.000210 seconds.
  path: Assets/Prefabs/Obstacle.prefab
  artifactKey: Guid(5f60e16f846cd754b9389c1b77fd1c08) Importer(815301076,1909f56bfc062723c751e8b465ee728b)
Start importing Assets/Prefabs/Obstacle.prefab using Guid(5f60e16f846cd754b9389c1b77fd1c08) Importer(815301076,1909f56bfc062723c751e8b465ee728b)  -> (artifact id: '081c24ffad5d8c266b7cb5573d32ba01') in 0.010939 seconds 
========================================================================
Received Import Request.
  Time since last request: 70.353021 seconds.
  path: Assets/Scripts
  artifactKey: Guid(885d252694cc34646be00aa1055a5cb0) Importer(815301076,1909f56bfc062723c751e8b465ee728b)
Start importing Assets/Scripts using Guid(885d252694cc34646be00aa1055a5cb0) Importer(815301076,1909f56bfc062723c751e8b465ee728b)  -> (artifact id: 'e7f60c7ee2b2acdd75f418a0237f3f68') in 0.007323 seconds 
========================================================================
Received Import Request.
  Time since last request: 1.833166 seconds.
  path: Assets/Scripts/CollisionHandler.cs
  artifactKey: Guid(10518c105b1344c40a594afab6c4e364) Importer(815301076,1909f56bfc062723c751e8b465ee728b)
Start importing Assets/Scripts/CollisionHandler.cs using Guid(10518c105b1344c40a594afab6c4e364) Importer(815301076,1909f56bfc062723c751e8b465ee728b)  -> (artifact id: 'd75ab95d338c1d71721d864298db1c49') in 0.010217 seconds 
========================================================================
Received Prepare
Registering precompiled user dll's ...
Registered in 0.001692 seconds.
Begin MonoManager ReloadAssembly
Native extension for WindowsStandalone target not found
Refreshing native plugins compatible for Editor in 0.25 ms, found 2 plugins.
Preloading 0 native plugins for Editor in 0.00 ms.
Mono: successfully reloaded assembly
- Completed reload, in  0.770 seconds
Domain Reload Profiling:
	ReloadAssembly (770ms)
		BeginReloadAssembly (89ms)
			ExecutionOrderSort (0ms)
			DisableScriptedObjects (4ms)
			BackupInstance (0ms)
			ReleaseScriptingObjects (0ms)
			CreateAndSetChildDomain (26ms)
		EndReloadAssembly (632ms)
			LoadAssemblies (63ms)
			RebuildTransferFunctionScriptingTraits (0ms)
			SetupTypeCache (231ms)
			ReleaseScriptCaches (1ms)
			RebuildScriptCaches (31ms)
			SetupLoadedEditorAssemblies (222ms)
				LogAssemblyErrors (0ms)
				InitializePlatformSupportModulesInManaged (4ms)
				SetLoadedEditorAssemblies (0ms)
				RefreshPlugins (0ms)
				BeforeProcessingInitializeOnLoad (34ms)
				ProcessInitializeOnLoadAttributes (174ms)
				ProcessInitializeOnLoadMethodAttributes (4ms)
				AfterProcessingInitializeOnLoad (5ms)
				EditorAssembliesLoaded (0ms)
			ExecutionOrderSort2 (0ms)
			AwakeInstancesAfterBackupRestoration (5ms)
Platform modules already initialized, skipping
Refreshing native plugins compatible for Editor in 0.25 ms, found 2 plugins.
Preloading 0 native plugins for Editor in 0.00 ms.
Unloading 1399 Unused Serialized files (Serialized files now loaded: 0)
System memory in use before: 141.9 MB.
System memory in use after: 142.0 MB.

Unloading 13 unused Assets to reduce memory usage. Loaded Objects now: 1867.
Total: 1.588800 ms (FindLiveObjects: 0.126100 ms CreateObjectMapping: 0.059500 ms MarkObjects: 1.369500 ms  DeleteObjects: 0.033100 ms)

AssetImportParameters requested are different than current active one (requested -> active):
  custom:framework-win-MediaFoundation: 216162199b28c13a410421893ffa2e32 -> 
  custom:video-decoder-ogg-theora: a1e56fd34408186e4bbccfd4996cb3dc -> 
  custom:container-muxer-webm: aa71ff27fc2769a1b78a27578f13a17b -> 
  custom:container-demuxer-webm: 4f35f7cbe854078d1ac9338744f61a02 -> 
  custom:container-demuxer-ogg: 62fdf1f143b41e24485cea50d1cbac27 -> 
  custom:video-encoder-webm-vp8: eb34c28f22e8b96e1ab97ce403110664 -> 
  custom:video-decoder-webm-vp8: 9c59270c3fd7afecdb556c50c9e8de78 -> 
  custom:audio-decoder-ogg-vorbis: bf7c407c2cedff20999df2af8eb42d56 -> 
  custom:audio-encoder-webm-vorbis: bf7c407c2cedff20999df2af8eb42d56 -> 
========================================================================
Received Prepare
Registering precompiled user dll's ...
Registered in 0.002150 seconds.
Begin MonoManager ReloadAssembly
Native extension for WindowsStandalone target not found
Refreshing native plugins compatible for Editor in 0.25 ms, found 2 plugins.
Preloading 0 native plugins for Editor in 0.00 ms.
Mono: successfully reloaded assembly
- Completed reload, in  0.821 seconds
Domain Reload Profiling:
	ReloadAssembly (822ms)
		BeginReloadAssembly (90ms)
			ExecutionOrderSort (0ms)
			DisableScriptedObjects (4ms)
			BackupInstance (0ms)
			ReleaseScriptingObjects (0ms)
			CreateAndSetChildDomain (27ms)
		EndReloadAssembly (675ms)
			LoadAssemblies (70ms)
			RebuildTransferFunctionScriptingTraits (0ms)
			SetupTypeCache (247ms)
			ReleaseScriptCaches (1ms)
			RebuildScriptCaches (34ms)
			SetupLoadedEditorAssemblies (236ms)
				LogAssemblyErrors (0ms)
				InitializePlatformSupportModulesInManaged (4ms)
				SetLoadedEditorAssemblies (0ms)
				RefreshPlugins (0ms)
				BeforeProcessingInitializeOnLoad (33ms)
				ProcessInitializeOnLoadAttributes (188ms)
				ProcessInitializeOnLoadMethodAttributes (4ms)
				AfterProcessingInitializeOnLoad (5ms)
				EditorAssembliesLoaded (0ms)
			ExecutionOrderSort2 (0ms)
			AwakeInstancesAfterBackupRestoration (6ms)
Platform modules already initialized, skipping
Refreshing native plugins compatible for Editor in 0.25 ms, found 2 plugins.
Preloading 0 native plugins for Editor in 0.00 ms.
Unloading 1399 Unused Serialized files (Serialized files now loaded: 0)
System memory in use before: 141.9 MB.
System memory in use after: 142.0 MB.

Unloading 13 unused Assets to reduce memory usage. Loaded Objects now: 1870.
Total: 1.683300 ms (FindLiveObjects: 0.102500 ms CreateObjectMapping: 0.036500 ms MarkObjects: 1.532300 ms  DeleteObjects: 0.011100 ms)

AssetImportParameters requested are different than current active one (requested -> active):
  custom:framework-win-MediaFoundation: 216162199b28c13a410421893ffa2e32 -> 
  custom:video-decoder-ogg-theora: a1e56fd34408186e4bbccfd4996cb3dc -> 
  custom:container-muxer-webm: aa71ff27fc2769a1b78a27578f13a17b -> 
  custom:container-demuxer-webm: 4f35f7cbe854078d1ac9338744f61a02 -> 
  custom:container-demuxer-ogg: 62fdf1f143b41e24485cea50d1cbac27 -> 
  custom:video-encoder-webm-vp8: eb34c28f22e8b96e1ab97ce403110664 -> 
  custom:video-decoder-webm-vp8: 9c59270c3fd7afecdb556c50c9e8de78 -> 
  custom:audio-decoder-ogg-vorbis: bf7c407c2cedff20999df2af8eb42d56 -> 
  custom:audio-encoder-webm-vorbis: bf7c407c2cedff20999df2af8eb42d56 -> 
========================================================================
Received Import Request.
  Time since last request: 379.230873 seconds.
  path: Assets
  artifactKey: Guid(00000000000000001000000000000000) Importer(815301076,1909f56bfc062723c751e8b465ee728b)
Start importing Assets using Guid(00000000000000001000000000000000) Importer(815301076,1909f56bfc062723c751e8b465ee728b)  -> (artifact id: '42d402b061de3733987d63b9cc3b64de') in 0.009378 seconds 
========================================================================
Received Import Request.
  Time since last request: 15.628337 seconds.
  path: Assets/Zack_XSpace
  artifactKey: Guid(a8eee7db12764474ea33156c8d990d6d) Importer(815301076,1909f56bfc062723c751e8b465ee728b)
Start importing Assets/Zack_XSpace using Guid(a8eee7db12764474ea33156c8d990d6d) Importer(815301076,1909f56bfc062723c751e8b465ee728b)  -> (artifact id: '35af3be4b68121d0495a6fe560572145') in 0.007100 seconds 
========================================================================
Received Import Request.
  Time since last request: 1.434497 seconds.
  path: Assets/SFX
  artifactKey: Guid(abdc20031476a2143839b8babf66196e) Importer(815301076,1909f56bfc062723c751e8b465ee728b)
Start importing Assets/SFX using Guid(abdc20031476a2143839b8babf66196e) Importer(815301076,1909f56bfc062723c751e8b465ee728b)  -> (artifact id: 'd2f78ac8b6be35aa465db37229247f51') in 0.006910 seconds 
========================================================================
Received Import Request.
  Time since last request: 0.633533 seconds.
  path: Assets/Material
  artifactKey: Guid(289240b0f1f60444fa0257b46a748d5b) Importer(815301076,1909f56bfc062723c751e8b465ee728b)
Start importing Assets/Material using Guid(289240b0f1f60444fa0257b46a748d5b) Importer(815301076,1909f56bfc062723c751e8b465ee728b)  -> (artifact id: '108a2819cac7f99ad9a99e4de5134e06') in 0.006353 seconds 
========================================================================
Received Prepare
Registering precompiled user dll's ...
Registered in 0.001612 seconds.
Begin MonoManager ReloadAssembly
Native extension for WindowsStandalone target not found
Refreshing native plugins compatible for Editor in 0.25 ms, found 2 plugins.
Preloading 0 native plugins for Editor in 0.00 ms.
Mono: successfully reloaded assembly
- Completed reload, in  0.809 seconds
Domain Reload Profiling:
	ReloadAssembly (809ms)
		BeginReloadAssembly (82ms)
			ExecutionOrderSort (0ms)
			DisableScriptedObjects (4ms)
			BackupInstance (0ms)
			ReleaseScriptingObjects (0ms)
			CreateAndSetChildDomain (25ms)
		EndReloadAssembly (669ms)
			LoadAssemblies (66ms)
			RebuildTransferFunctionScriptingTraits (0ms)
			SetupTypeCache (262ms)
			ReleaseScriptCaches (1ms)
			RebuildScriptCaches (30ms)
			SetupLoadedEditorAssemblies (226ms)
				LogAssemblyErrors (0ms)
				InitializePlatformSupportModulesInManaged (4ms)
				SetLoadedEditorAssemblies (0ms)
				RefreshPlugins (0ms)
				BeforeProcessingInitializeOnLoad (31ms)
				ProcessInitializeOnLoadAttributes (182ms)
				ProcessInitializeOnLoadMethodAttributes (4ms)
				AfterProcessingInitializeOnLoad (5ms)
				EditorAssembliesLoaded (0ms)
			ExecutionOrderSort2 (0ms)
			AwakeInstancesAfterBackupRestoration (6ms)
Platform modules already initialized, skipping
Refreshing native plugins compatible for Editor in 0.29 ms, found 2 plugins.
Preloading 0 native plugins for Editor in 0.00 ms.
Unloading 1399 Unused Serialized files (Serialized files now loaded: 0)
System memory in use before: 141.9 MB.
System memory in use after: 142.0 MB.

Unloading 13 unused Assets to reduce memory usage. Loaded Objects now: 1873.
Total: 1.878600 ms (FindLiveObjects: 0.129900 ms CreateObjectMapping: 0.072600 ms MarkObjects: 1.656600 ms  DeleteObjects: 0.018400 ms)

AssetImportParameters requested are different than current active one (requested -> active):
  custom:framework-win-MediaFoundation: 216162199b28c13a410421893ffa2e32 -> 
  custom:video-decoder-ogg-theora: a1e56fd34408186e4bbccfd4996cb3dc -> 
  custom:container-muxer-webm: aa71ff27fc2769a1b78a27578f13a17b -> 
  custom:container-demuxer-webm: 4f35f7cbe854078d1ac9338744f61a02 -> 
  custom:container-demuxer-ogg: 62fdf1f143b41e24485cea50d1cbac27 -> 
  custom:video-encoder-webm-vp8: eb34c28f22e8b96e1ab97ce403110664 -> 
  custom:video-decoder-webm-vp8: 9c59270c3fd7afecdb556c50c9e8de78 -> 
  custom:audio-decoder-ogg-vorbis: bf7c407c2cedff20999df2af8eb42d56 -> 
  custom:audio-encoder-webm-vorbis: bf7c407c2cedff20999df2af8eb42d56 -> 
========================================================================
Received Import Request.
  Time since last request: 49.714888 seconds.
  path: Assets/Zack_XSpace/Material/Rocket.mat
  artifactKey: Guid(2ee716b6b1a65914b8dd17ce7d8b899a) Importer(815301076,1909f56bfc062723c751e8b465ee728b)
Start importing Assets/Zack_XSpace/Material/Rocket.mat using Guid(2ee716b6b1a65914b8dd17ce7d8b899a) Importer(815301076,1909f56bfc062723c751e8b465ee728b)  -> (artifact id: '7eb243f0a610d0d5c3a9720c804d7b0c') in 0.055528 seconds 
========================================================================
Received Import Request.
  Time since last request: 0.001824 seconds.
  path: Assets/Zack_XSpace/Material/Launch Pad Mat.mat
  artifactKey: Guid(b556c22b26faac24ea2ff4334b9630b7) Importer(815301076,1909f56bfc062723c751e8b465ee728b)
Start importing Assets/Zack_XSpace/Material/Launch Pad Mat.mat using Guid(b556c22b26faac24ea2ff4334b9630b7) Importer(815301076,1909f56bfc062723c751e8b465ee728b)  -> (artifact id: 'e4d0724c92e814161773bbe231ae6397') in 0.013020 seconds 
========================================================================
Received Import Request.
  Time since last request: 0.002475 seconds.
  path: Assets/Zack_XSpace/Particles/Side Thruster Particles.prefab
  artifactKey: Guid(d4b06ebeeaf0ac044aeed997d98443c2) Importer(815301076,1909f56bfc062723c751e8b465ee728b)
Start importing Assets/Zack_XSpace/Particles/Side Thruster Particles.prefab using Guid(d4b06ebeeaf0ac044aeed997d98443c2) Importer(815301076,1909f56bfc062723c751e8b465ee728b)  -> (artifact id: 'fc82b96445a0c0bb96cd6e3124bbfded') in 0.020373 seconds 
========================================================================
Received Import Request.
  Time since last request: 0.002471 seconds.
  path: Assets/Zack_XSpace/Particles
  artifactKey: Guid(6c68c4bb12ca67448a35fe1675c16236) Importer(815301076,1909f56bfc062723c751e8b465ee728b)
Start importing Assets/Zack_XSpace/Particles using Guid(6c68c4bb12ca67448a35fe1675c16236) Importer(815301076,1909f56bfc062723c751e8b465ee728b)  -> (artifact id: '9d5569f49eea6d8cc59aff269a23e3ca') in 0.007433 seconds 
========================================================================
Received Import Request.
  Time since last request: 0.001252 seconds.
  path: Assets/Zack_XSpace/Material/Obstacle Mat.mat
  artifactKey: Guid(e9043aa05b5b74243875daa2572917fc) Importer(815301076,1909f56bfc062723c751e8b465ee728b)
Start importing Assets/Zack_XSpace/Material/Obstacle Mat.mat using Guid(e9043aa05b5b74243875daa2572917fc) Importer(815301076,1909f56bfc062723c751e8b465ee728b)  -> (artifact id: '8607d2f219109b2fa6e21feedc504996') in 0.010388 seconds 
========================================================================
Received Import Request.
  Time since last request: 0.003815 seconds.
  path: Assets/Zack_XSpace/Particles/Success Particles.prefab
  artifactKey: Guid(62198a3a5dbb64a4f9e1618929224faa) Importer(815301076,1909f56bfc062723c751e8b465ee728b)
Start importing Assets/Zack_XSpace/Particles/Success Particles.prefab using Guid(62198a3a5dbb64a4f9e1618929224faa) Importer(815301076,1909f56bfc062723c751e8b465ee728b)  -> (artifact id: 'f64b0ed33bef5e57aae49ea6b88a1f6e') in 0.011968 seconds 
========================================================================
Received Import Request.
  Time since last request: 0.002305 seconds.
  path: Assets/Zack_XSpace/SFX/SFX - Death Explosion.ogg
  artifactKey: Guid(b6b92c5e2ad53834eaa363757174b37c) Importer(815301076,1909f56bfc062723c751e8b465ee728b)
Start importing Assets/Zack_XSpace/SFX/SFX - Death Explosion.ogg using Guid(b6b92c5e2ad53834eaa363757174b37c) Importer(815301076,1909f56bfc062723c751e8b465ee728b)  -> (artifact id: 'c2d307a38d7163e142ab2b49508e8005') in 0.062005 seconds 
========================================================================
Received Import Request.
  Time since last request: 0.002874 seconds.
  path: Assets/Zack_XSpace/Scenes/Over.unity
  artifactKey: Guid(9fc0d4010bbf28b4594072e72b8655ab) Importer(815301076,1909f56bfc062723c751e8b465ee728b)
Start importing Assets/Zack_XSpace/Scenes/Over.unity using Guid(9fc0d4010bbf28b4594072e72b8655ab) Importer(815301076,1909f56bfc062723c751e8b465ee728b)  -> (artifact id: 'c808859d5fb0af4e03615eaef6520b7e') in 0.005457 seconds 
========================================================================
Received Import Request.
  Time since last request: 0.005083 seconds.
  path: Assets/Zack_XSpace/SFX/SFX_Main_Thrust.ogg
  artifactKey: Guid(6d0ca3d6d9694d6479ca8b3e83dd6520) Importer(815301076,1909f56bfc062723c751e8b465ee728b)
Start importing Assets/Zack_XSpace/SFX/SFX_Main_Thrust.ogg using Guid(6d0ca3d6d9694d6479ca8b3e83dd6520) Importer(815301076,1909f56bfc062723c751e8b465ee728b)  -> (artifact id: '1f0f85c17a7dda2d5b47662c18b67f49') in 0.010023 seconds 
========================================================================
Received Import Request.
  Time since last request: 0.001385 seconds.
  path: Assets/Zack_XSpace/SFX/SFX - Success.ogg
  artifactKey: Guid(2fdd38eda3f928a4bbf56ff99d7e3dc8) Importer(815301076,1909f56bfc062723c751e8b465ee728b)
Start importing Assets/Zack_XSpace/SFX/SFX - Success.ogg using Guid(2fdd38eda3f928a4bbf56ff99d7e3dc8) Importer(815301076,1909f56bfc062723c751e8b465ee728b)  -> (artifact id: '772e1cbe9652930453f013b1255ecd53') in 0.011316 seconds 
========================================================================
Received Import Request.
  Time since last request: 0.001277 seconds.
  path: Assets/Zack_XSpace/Material/Obstacle Mat 1.mat
  artifactKey: Guid(b2b28a0e27c71ce47b89f58c169e727e) Importer(815301076,1909f56bfc062723c751e8b465ee728b)
Start importing Assets/Zack_XSpace/Material/Obstacle Mat 1.mat using Guid(b2b28a0e27c71ce47b89f58c169e727e) Importer(815301076,1909f56bfc062723c751e8b465ee728b)  -> (artifact id: 'd5c11f35b4dce30da70e9ac2224e16dc') in 0.008636 seconds 
========================================================================
Received Import Request.
  Time since last request: 0.001331 seconds.
  path: Assets/Zack_XSpace/Scripts/Movement.cs
  artifactKey: Guid(fcbb5e94ab3752b4f84dbba045f2f3e7) Importer(815301076,1909f56bfc062723c751e8b465ee728b)
Start importing Assets/Zack_XSpace/Scripts/Movement.cs using Guid(fcbb5e94ab3752b4f84dbba045f2f3e7) Importer(815301076,1909f56bfc062723c751e8b465ee728b)  -> (artifact id: 'c8d289b0a9d76f3edc936bcb5aa63c67') in 0.003802 seconds 
========================================================================
Received Import Request.
  Time since last request: 0.001544 seconds.
  path: Assets/Zack_XSpace/Particles/Explosion Particles.prefab
  artifactKey: Guid(ab79a37535b979f48b6de56e3a0a5cb0) Importer(815301076,1909f56bfc062723c751e8b465ee728b)
Start importing Assets/Zack_XSpace/Particles/Explosion Particles.prefab using Guid(ab79a37535b979f48b6de56e3a0a5cb0) Importer(815301076,1909f56bfc062723c751e8b465ee728b)  -> (artifact id: '5af9f449e77f922705da801e73289c5f') in 0.009125 seconds 
========================================================================
Received Import Request.
  Time since last request: 0.001453 seconds.
  path: Assets/Zack_XSpace/Particles/Rocket Jet Particles.prefab
  artifactKey: Guid(a3553fd250eb92d4091bebde350c6739) Importer(815301076,1909f56bfc062723c751e8b465ee728b)
Start importing Assets/Zack_XSpace/Particles/Rocket Jet Particles.prefab using Guid(a3553fd250eb92d4091bebde350c6739) Importer(815301076,1909f56bfc062723c751e8b465ee728b)  -> (artifact id: '7bb5f2df9139f17e5547415656985bf5') in 0.008430 seconds 
========================================================================
Received Import Request.
  Time since last request: 0.001358 seconds.
  path: Assets/Zack_XSpace/Material/Rocket 1.mat
  artifactKey: Guid(95c40296ec864354081c5a41031665d5) Importer(815301076,1909f56bfc062723c751e8b465ee728b)
Start importing Assets/Zack_XSpace/Material/Rocket 1.mat using Guid(95c40296ec864354081c5a41031665d5) Importer(815301076,1909f56bfc062723c751e8b465ee728b)  -> (artifact id: '6849cc95281e591fc89374538184c7d2') in 0.009026 seconds 
========================================================================
Received Import Request.
  Time since last request: 0.002718 seconds.
  path: Assets/Zack_XSpace/Material/Ground Mat.mat
  artifactKey: Guid(538ce7e893584ae4997519628c8d0067) Importer(815301076,1909f56bfc062723c751e8b465ee728b)
Start importing Assets/Zack_XSpace/Material/Ground Mat.mat using Guid(538ce7e893584ae4997519628c8d0067) Importer(815301076,1909f56bfc062723c751e8b465ee728b)  -> (artifact id: 'e0e313091f12d346deb204b339d445f3') in 0.010435 seconds 
========================================================================
Received Import Request.
  Time since last request: 0.001375 seconds.
  path: Assets/Zack_XSpace/Material/Exhaust.mat
  artifactKey: Guid(7517881d99dd1674e90c1ceb64d4353d) Importer(815301076,1909f56bfc062723c751e8b465ee728b)
Start importing Assets/Zack_XSpace/Material/Exhaust.mat using Guid(7517881d99dd1674e90c1ceb64d4353d) Importer(815301076,1909f56bfc062723c751e8b465ee728b)  -> (artifact id: '4a608eae58b6df00f782217a77502e6d') in 0.009851 seconds 
========================================================================
Received Import Request.
  Time since last request: 0.003100 seconds.
  path: Assets/Zack_XSpace/Material/SkyBox.mat
  artifactKey: Guid(54f77703611947d4499fc32a5a74f98d) Importer(815301076,1909f56bfc062723c751e8b465ee728b)
Start importing Assets/Zack_XSpace/Material/SkyBox.mat using Guid(54f77703611947d4499fc32a5a74f98d) Importer(815301076,1909f56bfc062723c751e8b465ee728b)  -> (artifact id: '2adfe6393574d39b550f9a1dad377739') in 0.015306 seconds 
========================================================================
Received Import Request.
  Time since last request: 0.001355 seconds.
  path: Assets/Zack_XSpace/Material/Landing Pad Mat.mat
  artifactKey: Guid(060d140713029f2419a63940cfbfb0ff) Importer(815301076,1909f56bfc062723c751e8b465ee728b)
Start importing Assets/Zack_XSpace/Material/Landing Pad Mat.mat using Guid(060d140713029f2419a63940cfbfb0ff) Importer(815301076,1909f56bfc062723c751e8b465ee728b)  -> (artifact id: '04935126d8b85f19704e28e570cbdbd6') in 0.008976 seconds 
========================================================================
Received Import Request.
  Time since last request: 0.001396 seconds.
  path: Assets/Zack_XSpace/Scenes/Under.unity
  artifactKey: Guid(ecd4d9dd2a0c24044b79fb64797cfdfa) Importer(815301076,1909f56bfc062723c751e8b465ee728b)
Start importing Assets/Zack_XSpace/Scenes/Under.unity using Guid(ecd4d9dd2a0c24044b79fb64797cfdfa) Importer(815301076,1909f56bfc062723c751e8b465ee728b)  -> (artifact id: 'a1894782ede0106c3a64bd3416a5e9a9') in 0.004035 seconds 
========================================================================
Received Import Request.
  Time since last request: 0.002236 seconds.
  path: Assets/Zack_XSpace/Scripts/QuitApplication.cs
  artifactKey: Guid(2d44daaefca5a0b4f9d06b308b9105b3) Importer(815301076,1909f56bfc062723c751e8b465ee728b)
Start importing Assets/Zack_XSpace/Scripts/QuitApplication.cs using Guid(2d44daaefca5a0b4f9d06b308b9105b3) Importer(815301076,1909f56bfc062723c751e8b465ee728b)  -> (artifact id: '10b3b318b964def935c791b23da2f51c') in 0.004032 seconds 
========================================================================
Received Import Request.
  Time since last request: 0.001192 seconds.
  path: Assets/Zack_XSpace/Scripts/Oscillator.cs
  artifactKey: Guid(55c32be927afc5c428ce990850b999c0) Importer(815301076,1909f56bfc062723c751e8b465ee728b)
Start importing Assets/Zack_XSpace/Scripts/Oscillator.cs using Guid(55c32be927afc5c428ce990850b999c0) Importer(815301076,1909f56bfc062723c751e8b465ee728b)  -> (artifact id: '663326f965971e8208d9d4a6b19e4bd1') in 0.003579 seconds 
========================================================================
Received Prepare
Registering precompiled user dll's ...
Registered in 0.002170 seconds.
Begin MonoManager ReloadAssembly
Native extension for WindowsStandalone target not found
Refreshing native plugins compatible for Editor in 0.25 ms, found 2 plugins.
Preloading 0 native plugins for Editor in 0.00 ms.
Mono: successfully reloaded assembly
- Completed reload, in  0.812 seconds
Domain Reload Profiling:
	ReloadAssembly (812ms)
		BeginReloadAssembly (103ms)
			ExecutionOrderSort (0ms)
			DisableScriptedObjects (4ms)
			BackupInstance (0ms)
			ReleaseScriptingObjects (0ms)
			CreateAndSetChildDomain (27ms)
		EndReloadAssembly (653ms)
			LoadAssemblies (69ms)
			RebuildTransferFunctionScriptingTraits (0ms)
			SetupTypeCache (251ms)
			ReleaseScriptCaches (1ms)
			RebuildScriptCaches (30ms)
			SetupLoadedEditorAssemblies (222ms)
				LogAssemblyErrors (0ms)
				InitializePlatformSupportModulesInManaged (4ms)
				SetLoadedEditorAssemblies (0ms)
				RefreshPlugins (0ms)
				BeforeProcessingInitializeOnLoad (32ms)
				ProcessInitializeOnLoadAttributes (177ms)
				ProcessInitializeOnLoadMethodAttributes (4ms)
				AfterProcessingInitializeOnLoad (5ms)
				EditorAssembliesLoaded (0ms)
			ExecutionOrderSort2 (0ms)
			AwakeInstancesAfterBackupRestoration (6ms)
Platform modules already initialized, skipping
Refreshing native plugins compatible for Editor in 0.25 ms, found 2 plugins.
Preloading 0 native plugins for Editor in 0.00 ms.
Unloading 1399 Unused Serialized files (Serialized files now loaded: 0)
System memory in use before: 142.2 MB.
System memory in use after: 142.3 MB.

Unloading 13 unused Assets to reduce memory usage. Loaded Objects now: 1912.
Total: 1.571500 ms (FindLiveObjects: 0.110100 ms CreateObjectMapping: 0.041800 ms MarkObjects: 1.407600 ms  DeleteObjects: 0.011300 ms)

AssetImportParameters requested are different than current active one (requested -> active):
  custom:framework-win-MediaFoundation: 216162199b28c13a410421893ffa2e32 -> 
  custom:video-decoder-ogg-theora: a1e56fd34408186e4bbccfd4996cb3dc -> 
  custom:container-muxer-webm: aa71ff27fc2769a1b78a27578f13a17b -> 
  custom:container-demuxer-webm: 4f35f7cbe854078d1ac9338744f61a02 -> 
  custom:container-demuxer-ogg: 62fdf1f143b41e24485cea50d1cbac27 -> 
  custom:video-encoder-webm-vp8: eb34c28f22e8b96e1ab97ce403110664 -> 
  custom:video-decoder-webm-vp8: 9c59270c3fd7afecdb556c50c9e8de78 -> 
  custom:audio-decoder-ogg-vorbis: bf7c407c2cedff20999df2af8eb42d56 -> 
  custom:audio-encoder-webm-vorbis: bf7c407c2cedff20999df2af8eb42d56 -> 
AssetImportWorkerClient::OnTransportError - code=2 error=End of file
