Using pre-set license
Built from '2020.3/staging' branch; Version is '2020.3.0f1 (c7b5465681fb) revision 13088070'; Using compiler version '192528614'; Build Type 'Release'
OS: 'Windows 10 Home; OS build 19042.868; Version 2009; 64bit' Language: 'en' Physical Memory: 65463 MB
BatchMode: 1, IsHumanControllingUs: 0, StartBugReporterOnCrash: 0, Is64bit: 1, IsPro: 0

 COMMAND LINE ARGUMENTS:
C:\Program Files\Unity\Hub\Editor\2020.3.0f1\Editor\Unity.exe
-adb2
-batchMode
-noUpm
-name
AssetImportWorker0
-projectPath
E:/Unity_Projects/XSpace/Project_XSpace
-logFile
Logs/AssetImportWorker0.log
-srvPort
54579
Successfully changed project path to: E:/Unity_Projects/XSpace/Project_XSpace
E:/Unity_Projects/XSpace/Project_XSpace
Using Asset Import Pipeline V2.
Refreshing native plugins compatible for Editor in 17.63 ms, found 0 plugins.
Preloading 0 native plugins for Editor in 0.00 ms.
Initialize engine version: 2020.3.0f1 (c7b5465681fb)
[Subsystems] Discovering subsystems at path C:/Program Files/Unity/Hub/Editor/2020.3.0f1/Editor/Data/Resources/UnitySubsystems
[Subsystems] Discovering subsystems at path E:/Unity_Projects/XSpace/Project_XSpace/Assets
GfxDevice: creating device client; threaded=0
Direct3D:
    Version:  Direct3D 11.0 [level 11.1]
    Renderer: NVIDIA GeForce RTX 2080 Ti (ID=0x1e07)
    Vendor:   
    VRAM:     11049 MB
    Driver:   27.21.14.6172
Initialize mono
Mono path[0] = 'C:/Program Files/Unity/Hub/Editor/2020.3.0f1/Editor/Data/Managed'
Mono path[1] = 'C:/Program Files/Unity/Hub/Editor/2020.3.0f1/Editor/Data/MonoBleedingEdge/lib/mono/unityjit'
Mono config path = 'C:/Program Files/Unity/Hub/Editor/2020.3.0f1/Editor/Data/MonoBleedingEdge/etc'
Using monoOptions --debugger-agent=transport=dt_socket,embedding=1,server=y,suspend=n,address=127.0.0.1:56212
Begin MonoManager ReloadAssembly
Registering precompiled unity dll's ...
Register platform support module: C:/Program Files/Unity/Hub/Editor/2020.3.0f1/Editor/Data/PlaybackEngines/WindowsStandaloneSupport/UnityEditor.WindowsStandalone.Extensions.dll
Registered in 0.001614 seconds.
Native extension for WindowsStandalone target not found
Refreshing native plugins compatible for Editor in 18.29 ms, found 0 plugins.
Preloading 0 native plugins for Editor in 0.00 ms.
Invoked RoslynAnalysisRunner static constructor.
RoslynAnalysisRunner will not be running.
RoslynAnalysisRunner has terminated.
Mono: successfully reloaded assembly
- Completed reload, in  0.818 seconds
Platform modules already initialized, skipping
Registering precompiled user dll's ...
Registered in 0.000353 seconds.
Begin MonoManager ReloadAssembly
Native extension for WindowsStandalone target not found
Refreshing native plugins compatible for Editor in 0.20 ms, found 0 plugins.
Preloading 0 native plugins for Editor in 0.00 ms.
Invoked RoslynAnalysisRunner static constructor.
RoslynAnalysisRunner will not be running.
RoslynAnalysisRunner has terminated.
Mono: successfully reloaded assembly
- Completed reload, in  0.619 seconds
Platform modules already initialized, skipping
========================================================================
Worker process is ready to serve import requests
Launched and connected shader compiler UnityShaderCompiler.exe after 0.03 seconds
Refreshing native plugins compatible for Editor in 0.20 ms, found 0 plugins.
Preloading 0 native plugins for Editor in 0.00 ms.
Unloading 1114 Unused Serialized files (Serialized files now loaded: 0)
System memory in use before: 57.0 MB.
System memory in use after: 57.0 MB.

Unloading 10 unused Assets to reduce memory usage. Loaded Objects now: 1556.
Total: 1.611400 ms (FindLiveObjects: 0.146100 ms CreateObjectMapping: 0.024900 ms MarkObjects: 1.377700 ms  DeleteObjects: 0.061700 ms)

========================================================================
Received Import Request.
  path: ProjectSettings/TagManager.asset
  artifactKey: Guid(00000000000000003000000000000000) Importer(815301076,1909f56bfc062723c751e8b465ee728b)
Start importing ProjectSettings/TagManager.asset using Guid(00000000000000003000000000000000) Importer(815301076,1909f56bfc062723c751e8b465ee728b)  -> (artifact id: 'e58c32c74971579209c983feef23e212') in 0.018259 seconds
  Import took 0.019978 seconds .

========================================================================
Received Import Request.
  Time since last request: 74.898459 seconds.
  path: Assets/Scripts/CollisionHandler.cs
  artifactKey: Guid(10518c105b1344c40a594afab6c4e364) Importer(815301076,1909f56bfc062723c751e8b465ee728b)
Start importing Assets/Scripts/CollisionHandler.cs using Guid(10518c105b1344c40a594afab6c4e364) Importer(815301076,1909f56bfc062723c751e8b465ee728b)  -> (artifact id: 'e52018c5b7c6967a7b2fbe1325a65230') in 0.002470 seconds
  Import took 0.004344 seconds .

========================================================================
Received Prepare
Registering precompiled user dll's ...
Registered in 0.000263 seconds.
Begin MonoManager ReloadAssembly
Native extension for WindowsStandalone target not found
Refreshing native plugins compatible for Editor in 0.21 ms, found 0 plugins.
Preloading 0 native plugins for Editor in 0.00 ms.
Invoked RoslynAnalysisRunner static constructor.
RoslynAnalysisRunner will not be running.
RoslynAnalysisRunner has terminated.
Mono: successfully reloaded assembly
- Completed reload, in  0.586 seconds
Platform modules already initialized, skipping
Refreshing native plugins compatible for Editor in 0.31 ms, found 0 plugins.
Preloading 0 native plugins for Editor in 0.00 ms.
Unloading 1110 Unused Serialized files (Serialized files now loaded: 0)
System memory in use before: 57.0 MB.
System memory in use after: 57.0 MB.

Unloading 6 unused Assets to reduce memory usage. Loaded Objects now: 1560.
Total: 1.449700 ms (FindLiveObjects: 0.145300 ms CreateObjectMapping: 0.023100 ms MarkObjects: 1.221300 ms  DeleteObjects: 0.058900 ms)

========================================================================
Received Prepare
Registering precompiled user dll's ...
Registered in 0.000298 seconds.
Begin MonoManager ReloadAssembly
Native extension for WindowsStandalone target not found
Refreshing native plugins compatible for Editor in 0.20 ms, found 0 plugins.
Preloading 0 native plugins for Editor in 0.00 ms.
Invoked RoslynAnalysisRunner static constructor.
RoslynAnalysisRunner will not be running.
RoslynAnalysisRunner has terminated.
Mono: successfully reloaded assembly
- Completed reload, in  0.560 seconds
Platform modules already initialized, skipping
Refreshing native plugins compatible for Editor in 0.17 ms, found 0 plugins.
Preloading 0 native plugins for Editor in 0.00 ms.
Unloading 1110 Unused Serialized files (Serialized files now loaded: 0)
System memory in use before: 57.0 MB.
System memory in use after: 57.1 MB.

Unloading 5 unused Assets to reduce memory usage. Loaded Objects now: 1563.
Total: 1.443200 ms (FindLiveObjects: 0.139400 ms CreateObjectMapping: 0.027400 ms MarkObjects: 1.225800 ms  DeleteObjects: 0.049600 ms)

========================================================================
Received Prepare
Registering precompiled user dll's ...
Registered in 0.000373 seconds.
Begin MonoManager ReloadAssembly
Native extension for WindowsStandalone target not found
Refreshing native plugins compatible for Editor in 0.22 ms, found 0 plugins.
Preloading 0 native plugins for Editor in 0.00 ms.
Invoked RoslynAnalysisRunner static constructor.
RoslynAnalysisRunner will not be running.
RoslynAnalysisRunner has terminated.
Mono: successfully reloaded assembly
- Completed reload, in  0.591 seconds
Platform modules already initialized, skipping
Refreshing native plugins compatible for Editor in 0.20 ms, found 0 plugins.
Preloading 0 native plugins for Editor in 0.00 ms.
Unloading 1110 Unused Serialized files (Serialized files now loaded: 0)
System memory in use before: 57.0 MB.
System memory in use after: 57.1 MB.

Unloading 5 unused Assets to reduce memory usage. Loaded Objects now: 1566.
Total: 1.864000 ms (FindLiveObjects: 0.204600 ms CreateObjectMapping: 0.031500 ms MarkObjects: 1.564100 ms  DeleteObjects: 0.062800 ms)

========================================================================
Received Import Request.
  Time since last request: 425.442956 seconds.
  path: Assets/Scripts/CollisionHandler.cs
  artifactKey: Guid(10518c105b1344c40a594afab6c4e364) Importer(815301076,1909f56bfc062723c751e8b465ee728b)
Start importing Assets/Scripts/CollisionHandler.cs using Guid(10518c105b1344c40a594afab6c4e364) Importer(815301076,1909f56bfc062723c751e8b465ee728b)  -> (artifact id: '3d59cb073242a67cb24fde8a09b87b64') in 0.002532 seconds
  Import took 0.004179 seconds .

========================================================================
Received Prepare
Registering precompiled user dll's ...
Registered in 0.000336 seconds.
Begin MonoManager ReloadAssembly
Native extension for WindowsStandalone target not found
Refreshing native plugins compatible for Editor in 0.26 ms, found 0 plugins.
Preloading 0 native plugins for Editor in 0.00 ms.
Invoked RoslynAnalysisRunner static constructor.
RoslynAnalysisRunner will not be running.
RoslynAnalysisRunner has terminated.
Mono: successfully reloaded assembly
- Completed reload, in  0.584 seconds
Platform modules already initialized, skipping
Refreshing native plugins compatible for Editor in 0.19 ms, found 0 plugins.
Preloading 0 native plugins for Editor in 0.00 ms.
Unloading 1110 Unused Serialized files (Serialized files now loaded: 0)
System memory in use before: 57.0 MB.
System memory in use after: 57.1 MB.

Unloading 5 unused Assets to reduce memory usage. Loaded Objects now: 1569.
Total: 1.486300 ms (FindLiveObjects: 0.151600 ms CreateObjectMapping: 0.024400 ms MarkObjects: 1.259600 ms  DeleteObjects: 0.049800 ms)

========================================================================
Received Import Request.
  Time since last request: 185.816080 seconds.
  path: Assets/Scripts/CollisionHandler.cs
  artifactKey: Guid(10518c105b1344c40a594afab6c4e364) Importer(815301076,1909f56bfc062723c751e8b465ee728b)
Start importing Assets/Scripts/CollisionHandler.cs using Guid(10518c105b1344c40a594afab6c4e364) Importer(815301076,1909f56bfc062723c751e8b465ee728b)  -> (artifact id: '34807f0b7339ed7458521d1dc47efa9d') in 0.002626 seconds
  Import took 0.004065 seconds .

========================================================================
Received Import Request.
  Time since last request: 1.099515 seconds.
  path: Assets/Scripts/CollisionHandler.cs
  artifactKey: Guid(10518c105b1344c40a594afab6c4e364) Importer(815301076,1909f56bfc062723c751e8b465ee728b)
Start importing Assets/Scripts/CollisionHandler.cs using Guid(10518c105b1344c40a594afab6c4e364) Importer(815301076,1909f56bfc062723c751e8b465ee728b)  -> (artifact id: '34807f0b7339ed7458521d1dc47efa9d') in 0.000960 seconds
  Import took 0.002409 seconds .

========================================================================
Received Prepare
Registering precompiled user dll's ...
Registered in 0.000342 seconds.
Begin MonoManager ReloadAssembly
Native extension for WindowsStandalone target not found
Refreshing native plugins compatible for Editor in 0.20 ms, found 0 plugins.
Preloading 0 native plugins for Editor in 0.00 ms.
Invoked RoslynAnalysisRunner static constructor.
RoslynAnalysisRunner will not be running.
RoslynAnalysisRunner has terminated.
Mono: successfully reloaded assembly
- Completed reload, in  0.570 seconds
Platform modules already initialized, skipping
Refreshing native plugins compatible for Editor in 0.19 ms, found 0 plugins.
Preloading 0 native plugins for Editor in 0.00 ms.
Unloading 1110 Unused Serialized files (Serialized files now loaded: 0)
System memory in use before: 57.0 MB.
System memory in use after: 57.1 MB.

Unloading 5 unused Assets to reduce memory usage. Loaded Objects now: 1572.
Total: 1.591100 ms (FindLiveObjects: 0.166800 ms CreateObjectMapping: 0.029000 ms MarkObjects: 1.336700 ms  DeleteObjects: 0.057500 ms)

========================================================================
Received Import Request.
  Time since last request: 81.918106 seconds.
  path: Assets/Scripts/CollisionHandler.cs
  artifactKey: Guid(10518c105b1344c40a594afab6c4e364) Importer(815301076,1909f56bfc062723c751e8b465ee728b)
Start importing Assets/Scripts/CollisionHandler.cs using Guid(10518c105b1344c40a594afab6c4e364) Importer(815301076,1909f56bfc062723c751e8b465ee728b)  -> (artifact id: '8895468ad754b939d4d75fb121e28977') in 0.002636 seconds
  Import took 0.004148 seconds .

========================================================================
Received Import Request.
  Time since last request: 1.102139 seconds.
  path: Assets/Scripts/CollisionHandler.cs
  artifactKey: Guid(10518c105b1344c40a594afab6c4e364) Importer(815301076,1909f56bfc062723c751e8b465ee728b)
Start importing Assets/Scripts/CollisionHandler.cs using Guid(10518c105b1344c40a594afab6c4e364) Importer(815301076,1909f56bfc062723c751e8b465ee728b)  -> (artifact id: '8895468ad754b939d4d75fb121e28977') in 0.001018 seconds
  Import took 0.002484 seconds .

========================================================================
Received Prepare
Registering precompiled user dll's ...
Registered in 0.000299 seconds.
Begin MonoManager ReloadAssembly
Native extension for WindowsStandalone target not found
Refreshing native plugins compatible for Editor in 0.21 ms, found 0 plugins.
Preloading 0 native plugins for Editor in 0.00 ms.
Invoked RoslynAnalysisRunner static constructor.
RoslynAnalysisRunner will not be running.
RoslynAnalysisRunner has terminated.
Mono: successfully reloaded assembly
- Completed reload, in  0.574 seconds
Platform modules already initialized, skipping
Refreshing native plugins compatible for Editor in 0.18 ms, found 0 plugins.
Preloading 0 native plugins for Editor in 0.00 ms.
Unloading 1110 Unused Serialized files (Serialized files now loaded: 0)
System memory in use before: 57.0 MB.
System memory in use after: 57.1 MB.

Unloading 5 unused Assets to reduce memory usage. Loaded Objects now: 1575.
Total: 1.447500 ms (FindLiveObjects: 0.149400 ms CreateObjectMapping: 0.028200 ms MarkObjects: 1.220100 ms  DeleteObjects: 0.048800 ms)

========================================================================
Received Import Request.
  Time since last request: 45.793399 seconds.
  path: Assets/Scripts/CollisionHandler.cs
  artifactKey: Guid(10518c105b1344c40a594afab6c4e364) Importer(815301076,1909f56bfc062723c751e8b465ee728b)
Start importing Assets/Scripts/CollisionHandler.cs using Guid(10518c105b1344c40a594afab6c4e364) Importer(815301076,1909f56bfc062723c751e8b465ee728b)  -> (artifact id: '611a8f5fc0bd39a4f5a9dc28238e4bc5') in 0.002601 seconds
  Import took 0.004042 seconds .

========================================================================
Received Prepare
Registering precompiled user dll's ...
Registered in 0.000346 seconds.
Begin MonoManager ReloadAssembly
Native extension for WindowsStandalone target not found
Refreshing native plugins compatible for Editor in 0.20 ms, found 0 plugins.
Preloading 0 native plugins for Editor in 0.00 ms.
Invoked RoslynAnalysisRunner static constructor.
RoslynAnalysisRunner will not be running.
RoslynAnalysisRunner has terminated.
Mono: successfully reloaded assembly
- Completed reload, in  0.568 seconds
Platform modules already initialized, skipping
Refreshing native plugins compatible for Editor in 0.15 ms, found 0 plugins.
Preloading 0 native plugins for Editor in 0.00 ms.
Unloading 1110 Unused Serialized files (Serialized files now loaded: 0)
System memory in use before: 57.0 MB.
System memory in use after: 57.1 MB.

Unloading 5 unused Assets to reduce memory usage. Loaded Objects now: 1578.
Total: 1.452900 ms (FindLiveObjects: 0.146500 ms CreateObjectMapping: 0.026800 ms MarkObjects: 1.227300 ms  DeleteObjects: 0.051400 ms)

========================================================================
Received Import Request.
  Time since last request: 51.677460 seconds.
  path: Assets/Scenes/Sandbox.unity
  artifactKey: Guid(9fc0d4010bbf28b4594072e72b8655ab) Importer(815301076,1909f56bfc062723c751e8b465ee728b)
Start importing Assets/Scenes/Sandbox.unity using Guid(9fc0d4010bbf28b4594072e72b8655ab) Importer(815301076,1909f56bfc062723c751e8b465ee728b)  -> (artifact id: '263417a85811a0093931e1b478cb9feb') in 0.008302 seconds
  Import took 0.010030 seconds .

========================================================================
Received Import Request.
  Time since last request: 7.980555 seconds.
  path: Assets/Scenes/Fly Over.unity
  artifactKey: Guid(9fc0d4010bbf28b4594072e72b8655ab) Importer(815301076,1909f56bfc062723c751e8b465ee728b)
Start importing Assets/Scenes/Fly Over.unity using Guid(9fc0d4010bbf28b4594072e72b8655ab) Importer(815301076,1909f56bfc062723c751e8b465ee728b)  -> (artifact id: 'efa7d1b3fc618cb5885a2f367d8cc992') in 0.001266 seconds
  Import took 0.002654 seconds .

========================================================================
Received Import Request.
  Time since last request: 25.426990 seconds.
  path: Assets/Scenes/New Scene.unity
  artifactKey: Guid(517fa6d197be0ff4eb4839d6bf314eee) Importer(815301076,1909f56bfc062723c751e8b465ee728b)
Start importing Assets/Scenes/New Scene.unity using Guid(517fa6d197be0ff4eb4839d6bf314eee) Importer(815301076,1909f56bfc062723c751e8b465ee728b)  -> (artifact id: 'e9e0137cc7828ca21167e2445d902a0e') in 0.001268 seconds
  Import took 0.002655 seconds .

========================================================================
Received Import Request.
  Time since last request: 5.638212 seconds.
  path: Assets/Scenes/Fly Over 1.unity
  artifactKey: Guid(ecd4d9dd2a0c24044b79fb64797cfdfa) Importer(815301076,1909f56bfc062723c751e8b465ee728b)
Start importing Assets/Scenes/Fly Over 1.unity using Guid(ecd4d9dd2a0c24044b79fb64797cfdfa) Importer(815301076,1909f56bfc062723c751e8b465ee728b)  -> (artifact id: '6829eefe7625ff5e2a1a3b01296990df') in 0.001267 seconds
  Import took 0.002699 seconds .

========================================================================
Received Import Request.
  Time since last request: 8.597044 seconds.
  path: Assets/Scenes/Under.unity
  artifactKey: Guid(ecd4d9dd2a0c24044b79fb64797cfdfa) Importer(815301076,1909f56bfc062723c751e8b465ee728b)
Start importing Assets/Scenes/Under.unity using Guid(ecd4d9dd2a0c24044b79fb64797cfdfa) Importer(815301076,1909f56bfc062723c751e8b465ee728b)  -> (artifact id: 'e2e027e68bff6970617735de47aeebfa') in 0.001551 seconds
  Import took 0.003323 seconds .

========================================================================
Received Import Request.
  Time since last request: 5.830457 seconds.
  path: Assets/Scenes/Over.unity
  artifactKey: Guid(9fc0d4010bbf28b4594072e72b8655ab) Importer(815301076,1909f56bfc062723c751e8b465ee728b)
Start importing Assets/Scenes/Over.unity using Guid(9fc0d4010bbf28b4594072e72b8655ab) Importer(815301076,1909f56bfc062723c751e8b465ee728b)  -> (artifact id: '7e4c79272182b017463950fda6c84c22') in 0.001379 seconds
  Import took 0.002880 seconds .

========================================================================
Received Import Request.
  Time since last request: 13.918638 seconds.
  path: Assets/Material/Obstacle Mat.mat
  artifactKey: Guid(e9043aa05b5b74243875daa2572917fc) Importer(815301076,1909f56bfc062723c751e8b465ee728b)
Start importing Assets/Material/Obstacle Mat.mat using Guid(e9043aa05b5b74243875daa2572917fc) Importer(815301076,1909f56bfc062723c751e8b465ee728b)  -> (artifact id: 'ce1e59aa79ca48cc0b4ee04dbb126aa4') in 0.057966 seconds
  Import took 0.059756 seconds .

========================================================================
Received Import Request.
  Time since last request: 30.401319 seconds.
  path: Assets/Material/Obstacle Mat 1.mat
  artifactKey: Guid(b2b28a0e27c71ce47b89f58c169e727e) Importer(815301076,1909f56bfc062723c751e8b465ee728b)
Start importing Assets/Material/Obstacle Mat 1.mat using Guid(b2b28a0e27c71ce47b89f58c169e727e) Importer(815301076,1909f56bfc062723c751e8b465ee728b)  -> (artifact id: '9ffcd303d8203e7d56e800c6cddf3d68') in 0.005512 seconds
  Import took 0.007332 seconds .

========================================================================
Received Prepare
Registering precompiled user dll's ...
Registered in 0.000370 seconds.
Begin MonoManager ReloadAssembly
Native extension for WindowsStandalone target not found
Refreshing native plugins compatible for Editor in 0.20 ms, found 0 plugins.
Preloading 0 native plugins for Editor in 0.00 ms.
Invoked RoslynAnalysisRunner static constructor.
RoslynAnalysisRunner will not be running.
RoslynAnalysisRunner has terminated.
Mono: successfully reloaded assembly
- Completed reload, in  0.568 seconds
Platform modules already initialized, skipping
Refreshing native plugins compatible for Editor in 0.20 ms, found 0 plugins.
Preloading 0 native plugins for Editor in 0.00 ms.
Unloading 1110 Unused Serialized files (Serialized files now loaded: 0)
System memory in use before: 60.4 MB.
System memory in use after: 60.5 MB.

Unloading 5 unused Assets to reduce memory usage. Loaded Objects now: 1621.
Total: 1.453600 ms (FindLiveObjects: 0.144700 ms CreateObjectMapping: 0.027600 ms MarkObjects: 1.232100 ms  DeleteObjects: 0.048300 ms)

========================================================================
Received Prepare
Registering precompiled user dll's ...
Registered in 0.000387 seconds.
Begin MonoManager ReloadAssembly
Native extension for WindowsStandalone target not found
Refreshing native plugins compatible for Editor in 0.20 ms, found 0 plugins.
Preloading 0 native plugins for Editor in 0.00 ms.
Invoked RoslynAnalysisRunner static constructor.
RoslynAnalysisRunner will not be running.
RoslynAnalysisRunner has terminated.
Mono: successfully reloaded assembly
- Completed reload, in  0.577 seconds
Platform modules already initialized, skipping
Refreshing native plugins compatible for Editor in 0.19 ms, found 0 plugins.
Preloading 0 native plugins for Editor in 0.00 ms.
Unloading 1110 Unused Serialized files (Serialized files now loaded: 0)
System memory in use before: 60.4 MB.
System memory in use after: 60.5 MB.

Unloading 5 unused Assets to reduce memory usage. Loaded Objects now: 1624.
Total: 1.508000 ms (FindLiveObjects: 0.144400 ms CreateObjectMapping: 0.023900 ms MarkObjects: 1.288900 ms  DeleteObjects: 0.049900 ms)

========================================================================
Received Prepare
Registering precompiled user dll's ...
Registered in 0.000382 seconds.
Begin MonoManager ReloadAssembly
Native extension for WindowsStandalone target not found
Refreshing native plugins compatible for Editor in 0.20 ms, found 0 plugins.
Preloading 0 native plugins for Editor in 0.00 ms.
Invoked RoslynAnalysisRunner static constructor.
RoslynAnalysisRunner will not be running.
RoslynAnalysisRunner has terminated.
Mono: successfully reloaded assembly
- Completed reload, in  0.567 seconds
Platform modules already initialized, skipping
Refreshing native plugins compatible for Editor in 0.15 ms, found 0 plugins.
Preloading 0 native plugins for Editor in 0.00 ms.
Unloading 1110 Unused Serialized files (Serialized files now loaded: 0)
System memory in use before: 60.4 MB.
System memory in use after: 60.5 MB.

Unloading 5 unused Assets to reduce memory usage. Loaded Objects now: 1627.
Total: 1.437700 ms (FindLiveObjects: 0.129100 ms CreateObjectMapping: 0.024500 ms MarkObjects: 1.233700 ms  DeleteObjects: 0.049300 ms)

AssetImportWorkerClient::OnTransportError - code=2 error=End of file
