Using pre-set license
Built from '2020.3/staging' branch; Version is '2020.3.0f1 (c7b5465681fb) revision 13088070'; Using compiler version '192528614'; Build Type 'Release'
OS: 'Windows 10 Home; OS build 19042.868; Version 2009; 64bit' Language: 'en' Physical Memory: 65463 MB
BatchMode: 1, IsHumanControllingUs: 0, StartBugReporterOnCrash: 0, Is64bit: 1, IsPro: 0

 COMMAND LINE ARGUMENTS:
C:\Program Files\Unity\Hub\Editor\2020.3.0f1\Editor\Unity.exe
-adb2
-batchMode
-noUpm
-name
AssetImportWorker0
-projectPath
E:/Unity_Projects/XSpace/Assets_Revamp_2021
-logFile
Logs/AssetImportWorker0.log
-srvPort
54325
Successfully changed project path to: E:/Unity_Projects/XSpace/Assets_Revamp_2021
E:/Unity_Projects/XSpace/Assets_Revamp_2021
Using Asset Import Pipeline V2.
Refreshing native plugins compatible for Editor in 24.66 ms, found 0 plugins.
Preloading 0 native plugins for Editor in 0.00 ms.
Initialize engine version: 2020.3.0f1 (c7b5465681fb)
[Subsystems] Discovering subsystems at path C:/Program Files/Unity/Hub/Editor/2020.3.0f1/Editor/Data/Resources/UnitySubsystems
[Subsystems] Discovering subsystems at path E:/Unity_Projects/XSpace/Assets_Revamp_2021/Assets
GfxDevice: creating device client; threaded=0
Direct3D:
    Version:  Direct3D 11.0 [level 11.1]
    Renderer: NVIDIA GeForce RTX 2080 Ti (ID=0x1e07)
    Vendor:   
    VRAM:     11049 MB
    Driver:   27.21.14.6172
Initialize mono
Mono path[0] = 'C:/Program Files/Unity/Hub/Editor/2020.3.0f1/Editor/Data/Managed'
Mono path[1] = 'C:/Program Files/Unity/Hub/Editor/2020.3.0f1/Editor/Data/MonoBleedingEdge/lib/mono/unityjit'
Mono config path = 'C:/Program Files/Unity/Hub/Editor/2020.3.0f1/Editor/Data/MonoBleedingEdge/etc'
Using monoOptions --debugger-agent=transport=dt_socket,embedding=1,server=y,suspend=n,address=127.0.0.1:56928
Begin MonoManager ReloadAssembly
Registering precompiled unity dll's ...
Register platform support module: C:/Program Files/Unity/Hub/Editor/2020.3.0f1/Editor/Data/PlaybackEngines/WindowsStandaloneSupport/UnityEditor.WindowsStandalone.Extensions.dll
Registered in 0.001566 seconds.
Native extension for WindowsStandalone target not found
Refreshing native plugins compatible for Editor in 24.53 ms, found 0 plugins.
Preloading 0 native plugins for Editor in 0.00 ms.
Invoked RoslynAnalysisRunner static constructor.
RoslynAnalysisRunner will not be running.
RoslynAnalysisRunner has terminated.
Mono: successfully reloaded assembly
- Completed reload, in  0.783 seconds
Platform modules already initialized, skipping
Registering precompiled user dll's ...
Registered in 0.000304 seconds.
Begin MonoManager ReloadAssembly
Native extension for WindowsStandalone target not found
Refreshing native plugins compatible for Editor in 0.31 ms, found 0 plugins.
Preloading 0 native plugins for Editor in 0.00 ms.
Invoked RoslynAnalysisRunner static constructor.
RoslynAnalysisRunner will not be running.
RoslynAnalysisRunner has terminated.
Mono: successfully reloaded assembly
- Completed reload, in  0.626 seconds
Platform modules already initialized, skipping
========================================================================
Worker process is ready to serve import requests
Launched and connected shader compiler UnityShaderCompiler.exe after 0.03 seconds
Refreshing native plugins compatible for Editor in 0.30 ms, found 0 plugins.
Preloading 0 native plugins for Editor in 0.00 ms.
Unloading 1151 Unused Serialized files (Serialized files now loaded: 0)
System memory in use before: 64.2 MB.
System memory in use after: 64.3 MB.

Unloading 10 unused Assets to reduce memory usage. Loaded Objects now: 1596.
Total: 1.704800 ms (FindLiveObjects: 0.164200 ms CreateObjectMapping: 0.025700 ms MarkObjects: 1.436000 ms  DeleteObjects: 0.077600 ms)

========================================================================
Received Import Request.
  path: Assets/_Prefabs/Player
  artifactKey: Guid(a5af8506bbb99d7458200e994bf9ff5d) Importer(815301076,1909f56bfc062723c751e8b465ee728b)
Start importing Assets/_Prefabs/Player using Guid(a5af8506bbb99d7458200e994bf9ff5d) Importer(815301076,1909f56bfc062723c751e8b465ee728b)  -> (artifact id: '06c1495f13a68b8c91dd8f8bc800f00e') in 0.002949 seconds
  Import took 0.004838 seconds .

========================================================================
Received Import Request.
  Time since last request: 0.000187 seconds.
  path: Assets/_Prefabs
  artifactKey: Guid(79f0bc9b9b0f5014bb365fa487033f04) Importer(815301076,1909f56bfc062723c751e8b465ee728b)
Start importing Assets/_Prefabs using Guid(79f0bc9b9b0f5014bb365fa487033f04) Importer(815301076,1909f56bfc062723c751e8b465ee728b)  -> (artifact id: '4bc7ffdc7d858aed063bb0e3b86a8a24') in 0.000944 seconds
  Import took 0.002394 seconds .

========================================================================
Received Import Request.
  Time since last request: 0.000095 seconds.
  path: Assets/_Prefabs/Player/Player.prefab
  artifactKey: Guid(0375be6fd971a3445bdd27d2dabec061) Importer(815301076,1909f56bfc062723c751e8b465ee728b)
Start importing Assets/_Prefabs/Player/Player.prefab using Guid(0375be6fd971a3445bdd27d2dabec061) Importer(815301076,1909f56bfc062723c751e8b465ee728b)  -> (artifact id: '59a69dacdd1105ca70ac7afa0a5924b0') in 0.069996 seconds
  Import took 0.071707 seconds .

========================================================================
Received Import Request.
  Time since last request: 86.072068 seconds.
  path: Assets/Scenes/SampleScene.unity
  artifactKey: Guid(9fc0d4010bbf28b4594072e72b8655ab) Importer(815301076,1909f56bfc062723c751e8b465ee728b)
Start importing Assets/Scenes/SampleScene.unity using Guid(9fc0d4010bbf28b4594072e72b8655ab) Importer(815301076,1909f56bfc062723c751e8b465ee728b)  -> (artifact id: '777e927d0b238e2cde0f6869e17df74c') in 0.001335 seconds
  Import took 0.003201 seconds .

========================================================================
Received Import Request.
  Time since last request: 0.009298 seconds.
  path: Assets/Scenes/SampleScene.unity
  artifactKey: Guid(9fc0d4010bbf28b4594072e72b8655ab) Importer(815301076,1909f56bfc062723c751e8b465ee728b)
Start importing Assets/Scenes/SampleScene.unity using Guid(9fc0d4010bbf28b4594072e72b8655ab) Importer(815301076,1909f56bfc062723c751e8b465ee728b)  -> (artifact id: '777e927d0b238e2cde0f6869e17df74c') in 0.001135 seconds
  Import took 0.002880 seconds .

========================================================================
Received Import Request.
  Time since last request: 81.885611 seconds.
  path: Assets/_Scenes/AssetPreview.unity
  artifactKey: Guid(d20b9ceb03569ad4ca218b1f3744b146) Importer(815301076,1909f56bfc062723c751e8b465ee728b)
Start importing Assets/_Scenes/AssetPreview.unity using Guid(d20b9ceb03569ad4ca218b1f3744b146) Importer(815301076,1909f56bfc062723c751e8b465ee728b)  -> (artifact id: '33cc6ec6a91f33eb0f4188729ce0a6f5') in 0.001153 seconds
  Import took 0.002779 seconds .

========================================================================
Received Import Request.
  Time since last request: 0.807862 seconds.
  path: Assets/_Scenes/Proto.unity
  artifactKey: Guid(4d2042cde5f977c48b278664bfa36a11) Importer(815301076,1909f56bfc062723c751e8b465ee728b)
Start importing Assets/_Scenes/Proto.unity using Guid(4d2042cde5f977c48b278664bfa36a11) Importer(815301076,1909f56bfc062723c751e8b465ee728b)  -> (artifact id: 'b92203ba1bb4754264652558e82e2766') in 0.001332 seconds
  Import took 0.002915 seconds .

========================================================================
Received Prepare
Registering precompiled user dll's ...
Registered in 0.000430 seconds.
Begin MonoManager ReloadAssembly
Native extension for WindowsStandalone target not found
Refreshing native plugins compatible for Editor in 0.28 ms, found 0 plugins.
Preloading 0 native plugins for Editor in 0.00 ms.
Invoked RoslynAnalysisRunner static constructor.
RoslynAnalysisRunner will not be running.
RoslynAnalysisRunner has terminated.
Mono: successfully reloaded assembly
- Completed reload, in  0.602 seconds
Platform modules already initialized, skipping
Refreshing native plugins compatible for Editor in 0.28 ms, found 0 plugins.
Preloading 0 native plugins for Editor in 0.00 ms.
Unloading 1129 Unused Serialized files (Serialized files now loaded: 0)
System memory in use before: 66.0 MB.
System memory in use after: 66.1 MB.

Unloading 5 unused Assets to reduce memory usage. Loaded Objects now: 1607.
Total: 1.461500 ms (FindLiveObjects: 0.185900 ms CreateObjectMapping: 0.028200 ms MarkObjects: 1.196000 ms  DeleteObjects: 0.050300 ms)

========================================================================
Received Prepare
Registering precompiled user dll's ...
Registered in 0.000617 seconds.
Begin MonoManager ReloadAssembly
Native extension for WindowsStandalone target not found
Refreshing native plugins compatible for Editor in 0.27 ms, found 0 plugins.
Preloading 0 native plugins for Editor in 0.00 ms.
Invoked RoslynAnalysisRunner static constructor.
RoslynAnalysisRunner will not be running.
RoslynAnalysisRunner has terminated.
Mono: successfully reloaded assembly
- Completed reload, in  0.596 seconds
Platform modules already initialized, skipping
Refreshing native plugins compatible for Editor in 0.28 ms, found 0 plugins.
Preloading 0 native plugins for Editor in 0.00 ms.
Unloading 1129 Unused Serialized files (Serialized files now loaded: 0)
System memory in use before: 66.0 MB.
System memory in use after: 66.1 MB.

Unloading 5 unused Assets to reduce memory usage. Loaded Objects now: 1610.
Total: 1.640200 ms (FindLiveObjects: 0.149100 ms CreateObjectMapping: 0.024300 ms MarkObjects: 1.404700 ms  DeleteObjects: 0.060900 ms)

========================================================================
Received Prepare
Registering precompiled user dll's ...
Registered in 0.000440 seconds.
Begin MonoManager ReloadAssembly
Native extension for WindowsStandalone target not found
Refreshing native plugins compatible for Editor in 0.29 ms, found 0 plugins.
Preloading 0 native plugins for Editor in 0.00 ms.
Invoked RoslynAnalysisRunner static constructor.
RoslynAnalysisRunner will not be running.
RoslynAnalysisRunner has terminated.
Mono: successfully reloaded assembly
- Completed reload, in  0.575 seconds
Platform modules already initialized, skipping
Refreshing native plugins compatible for Editor in 0.28 ms, found 0 plugins.
Preloading 0 native plugins for Editor in 0.00 ms.
Unloading 1129 Unused Serialized files (Serialized files now loaded: 0)
System memory in use before: 66.0 MB.
System memory in use after: 66.1 MB.

Unloading 5 unused Assets to reduce memory usage. Loaded Objects now: 1613.
Total: 1.426500 ms (FindLiveObjects: 0.162400 ms CreateObjectMapping: 0.025600 ms MarkObjects: 1.185500 ms  DeleteObjects: 0.052200 ms)

========================================================================
Received Import Request.
  Time since last request: 399.549460 seconds.
  path: Assets/New Terrain.asset
  artifactKey: Guid(048df054efb142248822653d7ac5b4f7) Importer(815301076,1909f56bfc062723c751e8b465ee728b)
Start importing Assets/New Terrain.asset using Guid(048df054efb142248822653d7ac5b4f7) Importer(815301076,1909f56bfc062723c751e8b465ee728b)  -> (artifact id: 'e2da99783a10e56eee43b38cc0d9d4de') in 0.014984 seconds
  Import took 0.017009 seconds .

========================================================================
Received Prepare
Registering precompiled user dll's ...
Registered in 0.000407 seconds.
Begin MonoManager ReloadAssembly
Native extension for WindowsStandalone target not found
Refreshing native plugins compatible for Editor in 0.30 ms, found 0 plugins.
Preloading 0 native plugins for Editor in 0.00 ms.
Invoked RoslynAnalysisRunner static constructor.
RoslynAnalysisRunner will not be running.
RoslynAnalysisRunner has terminated.
Mono: successfully reloaded assembly
- Completed reload, in  0.556 seconds
Platform modules already initialized, skipping
Refreshing native plugins compatible for Editor in 0.28 ms, found 0 plugins.
Preloading 0 native plugins for Editor in 0.00 ms.
Unloading 1129 Unused Serialized files (Serialized files now loaded: 0)
System memory in use before: 66.8 MB.
System memory in use after: 66.4 MB.

Unloading 7 unused Assets to reduce memory usage. Loaded Objects now: 1617.
Total: 1.929300 ms (FindLiveObjects: 0.152400 ms CreateObjectMapping: 0.031100 ms MarkObjects: 1.377600 ms  DeleteObjects: 0.367000 ms)

AssetImportWorkerClient::OnTransportError - code=2 error=End of file
